2026/03/06 20:13:26 [notice] 1#1: using the "epoll" event method
2026/03/06 20:13:26 [notice] 1#1: nginx/1.28.2
2026/03/06 20:13:26 [notice] 1#1: built by gcc 15.2.0 (Alpine 15.2.0) 
2026/03/06 20:13:26 [notice] 1#1: OS: Linux 6.12.5-linuxkit
2026/03/06 20:13:26 [notice] 1#1: getrlimit(RLIMIT_NOFILE): 1048576:1048576
2026/03/06 20:13:26 [notice] 1#1: start worker processes
2026/03/06 20:13:26 [notice] 1#1: start worker process 21
2026/03/06 20:13:26 [notice] 1#1: start worker process 22
2026/03/06 20:13:26 [notice] 1#1: start worker process 23
2026/03/06 20:13:26 [notice] 1#1: start worker process 24
2026/03/06 20:13:26 [notice] 1#1: start worker process 25
2026/03/06 20:13:26 [notice] 1#1: start worker process 26
2026/03/06 20:13:26 [notice] 1#1: start worker process 27
2026/03/06 20:13:26 [notice] 1#1: start worker process 28
2026/03/06 20:16:10 [notice] 1#1: signal 3 (SIGQUIT) received, shutting down
2026/03/06 20:16:10 [notice] 22#22: gracefully shutting down
2026/03/06 20:16:10 [notice] 24#24: gracefully shutting down
2026/03/06 20:16:10 [notice] 24#24: exiting
2026/03/06 20:16:10 [notice] 25#25: gracefully shutting down
2026/03/06 20:16:10 [notice] 26#26: gracefully shutting down
2026/03/06 20:16:10 [notice] 25#25: exiting
2026/03/06 20:16:10 [notice] 28#28: gracefully shutting down
2026/03/06 20:16:10 [notice] 23#23: gracefully shutting down
2026/03/06 20:16:10 [notice] 27#27: gracefully shutting down
2026/03/06 20:16:10 [notice] 21#21: gracefully shutting down
2026/03/06 20:16:10 [notice] 27#27: exiting
2026/03/06 20:16:10 [notice] 22#22: exiting
2026/03/06 20:16:10 [notice] 26#26: exiting
2026/03/06 20:16:10 [notice] 24#24: exit
2026/03/06 20:16:10 [notice] 22#22: exit
2026/03/06 20:16:10 [notice] 21#21: exiting
2026/03/06 20:16:10 [notice] 21#21: exit
2026/03/06 20:16:10 [notice] 28#28: exiting
2026/03/06 20:16:10 [notice] 23#23: exiting
2026/03/06 20:16:10 [notice] 25#25: exit
2026/03/06 20:16:10 [notice] 27#27: exit
2026/03/06 20:16:10 [notice] 26#26: exit
2026/03/06 20:16:10 [notice] 28#28: exit
2026/03/06 20:16:10 [notice] 23#23: exit
2026/03/06 20:16:10 [notice] 1#1: signal 17 (SIGCHLD) received from 24
2026/03/06 20:16:10 [notice] 1#1: worker process 21 exited with code 0
2026/03/06 20:16:10 [notice] 1#1: worker process 22 exited with code 0
2026/03/06 20:16:10 [notice] 1#1: worker process 24 exited with code 0
2026/03/06 20:16:10 [notice] 1#1: worker process 25 exited with code 0
2026/03/06 20:16:10 [notice] 1#1: worker process 27 exited with code 0
2026/03/06 20:16:10 [notice] 1#1: worker process 28 exited with code 0
2026/03/06 20:16:10 [notice] 1#1: signal 29 (SIGIO) received
2026/03/06 20:16:10 [notice] 1#1: signal 17 (SIGCHLD) received from 22
2026/03/06 20:16:10 [notice] 1#1: signal 17 (SIGCHLD) received from 26
2026/03/06 20:16:10 [notice] 1#1: worker process 26 exited with code 0
2026/03/06 20:16:10 [notice] 1#1: signal 29 (SIGIO) received
2026/03/06 20:16:10 [notice] 1#1: signal 17 (SIGCHLD) received from 23
2026/03/06 20:16:10 [notice] 1#1: worker process 23 exited with code 0
2026/03/06 20:16:10 [notice] 1#1: exit
2026/03/06 22:54:33 [notice] 1#1: using the "epoll" event method
2026/03/06 22:54:33 [notice] 1#1: nginx/1.28.2
2026/03/06 22:54:33 [notice] 1#1: built by gcc 15.2.0 (Alpine 15.2.0) 
2026/03/06 22:54:33 [notice] 1#1: OS: Linux 6.10.14-linuxkit
2026/03/06 22:54:33 [notice] 1#1: getrlimit(RLIMIT_NOFILE): 1048576:1048576
2026/03/06 22:54:33 [notice] 1#1: start worker processes
2026/03/06 22:54:33 [notice] 1#1: start worker process 21
2026/03/06 22:54:33 [notice] 1#1: start worker process 22
2026/03/06 22:54:33 [notice] 1#1: start worker process 23
2026/03/06 22:54:33 [notice] 1#1: start worker process 24
2026/03/06 22:54:33 [notice] 1#1: start worker process 25
2026/03/06 22:54:33 [notice] 1#1: start worker process 26
2026/03/06 22:54:33 [notice] 1#1: start worker process 27
2026/03/06 22:54:33 [notice] 1#1: start worker process 28
2026/03/06 22:54:33 [notice] 1#1: start worker process 29
2026/03/06 22:54:33 [notice] 1#1: start worker process 30
2026/03/06 22:54:48 [error] 24#24: *3 connect() failed (111: Connection refused) while connecting to upstream, client: 172.217.22.123, server: localhost, request: "GET /kibana/ HTTP/1.1", upstream: "http://172.20.0.5:5601/kibana/", host: "localhost"
2026/03/06 22:54:48 [error] 24#24: *3 connect() failed (111: Connection refused) while connecting to upstream, client: 172.217.22.123, server: localhost, request: "GET /favicon.ico HTTP/1.1", upstream: "http://172.19.0.2:3000/favicon.ico", host: "localhost", referrer: "https://localhost/kibana/"
2026/03/06 22:59:32 [error] 21#21: *18 upstream timed out (110: Operation timed out) while reading upstream, client: 172.217.22.123, server: localhost, request: "GET /prometheus/api/v1/notifications/live HTTP/1.1", upstream: "http://172.18.0.3:9090/prometheus/api/v1/notifications/live", host: "localhost", referrer: "https://localhost/prometheus/query"
2026/03/06 22:59:51 [error] 21#21: *331 upstream timed out (110: Operation timed out) while reading upstream, client: 172.217.22.123, server: localhost, request: "GET /prometheus/api/v1/notifications/live HTTP/1.1", upstream: "http://172.18.0.3:9090/prometheus/api/v1/notifications/live", host: "localhost", referrer: "https://localhost/prometheus/query"
2026/03/06 23:00:37 [error] 21#21: *44 upstream timed out (110: Operation timed out) while reading upstream, client: 172.217.22.123, server: localhost, request: "GET /prometheus/api/v1/notifications/live HTTP/1.1", upstream: "http://172.18.0.3:9090/prometheus/api/v1/notifications/live", host: "localhost", referrer: "https://localhost/prometheus/query"
2026/03/06 23:20:10 [notice] 1#1: signal 3 (SIGQUIT) received, shutting down
2026/03/06 23:20:10 [notice] 21#21: gracefully shutting down
2026/03/06 23:20:10 [notice] 28#28: gracefully shutting down
2026/03/06 23:20:10 [notice] 22#22: gracefully shutting down
2026/03/06 23:20:10 [notice] 26#26: gracefully shutting down
2026/03/06 23:20:10 [notice] 23#23: gracefully shutting down
2026/03/06 23:20:10 [notice] 30#30: gracefully shutting down
2026/03/06 23:20:10 [notice] 21#21: exiting
2026/03/06 23:20:10 [notice] 27#27: gracefully shutting down
2026/03/06 23:20:10 [notice] 25#25: gracefully shutting down
2026/03/06 23:20:10 [notice] 29#29: gracefully shutting down
2026/03/06 23:20:10 [notice] 24#24: gracefully shutting down
2026/03/06 23:20:10 [notice] 28#28: exiting
2026/03/06 23:20:10 [notice] 22#22: exiting
2026/03/06 23:20:10 [notice] 26#26: exiting
2026/03/06 23:20:10 [notice] 23#23: exiting
2026/03/06 23:20:10 [notice] 30#30: exiting
2026/03/06 23:20:10 [notice] 27#27: exiting
2026/03/06 23:20:10 [notice] 25#25: exiting
2026/03/06 23:20:10 [notice] 29#29: exiting
2026/03/06 23:20:10 [notice] 24#24: exiting
2026/03/06 23:20:10 [notice] 26#26: exit
2026/03/06 23:20:10 [notice] 22#22: exit
2026/03/06 23:20:10 [notice] 21#21: exit
2026/03/06 23:20:10 [notice] 28#28: exit
2026/03/06 23:20:10 [notice] 30#30: exit
2026/03/06 23:20:10 [notice] 23#23: exit
2026/03/06 23:20:10 [notice] 25#25: exit
2026/03/06 23:20:10 [notice] 27#27: exit
2026/03/06 23:20:10 [notice] 24#24: exit
2026/03/06 23:20:10 [notice] 29#29: exit
2026/03/06 23:20:10 [notice] 1#1: signal 17 (SIGCHLD) received from 28
2026/03/06 23:20:10 [notice] 1#1: worker process 21 exited with code 0
2026/03/06 23:20:10 [notice] 1#1: worker process 22 exited with code 0
2026/03/06 23:20:10 [notice] 1#1: worker process 24 exited with code 0
2026/03/06 23:20:10 [notice] 1#1: worker process 26 exited with code 0
2026/03/06 23:20:10 [notice] 1#1: worker process 27 exited with code 0
2026/03/06 23:20:10 [notice] 1#1: worker process 28 exited with code 0
2026/03/06 23:20:10 [notice] 1#1: worker process 29 exited with code 0
2026/03/06 23:20:10 [notice] 1#1: worker process 30 exited with code 0
2026/03/06 23:20:10 [notice] 1#1: signal 29 (SIGIO) received
2026/03/06 23:20:10 [notice] 1#1: signal 17 (SIGCHLD) received from 23
2026/03/06 23:20:10 [notice] 1#1: worker process 23 exited with code 0
2026/03/06 23:20:10 [notice] 1#1: worker process 25 exited with code 0
2026/03/06 23:20:10 [notice] 1#1: exit
